<?xml version="1.0" encoding="UTF-8"?>
<robot generator="Robot 6.1.1 (Python 3.6.0 on win32)" generated="20230905 15:57:50.788" rpa="false" schemaversion="4">
<suite id="s1" name="Openpage" source="C:\Users\ddtuy\PycharmProjects\robot3\TestCase\openpage.robot">
<test id="s1-t1" name="login" line="11">
<kw name="Log" library="BuiltIn">
<arg>this is a test case</arg>
<doc>Logs the given message with the given level.</doc>
<msg timestamp="20230905 15:57:50.947" level="INFO">this is a test case</msg>
<status status="PASS" starttime="20230905 15:57:50.947" endtime="20230905 15:57:50.947"/>
</kw>
<kw name="Open Browser" library="SeleniumLibrary">
<arg>${URL}</arg>
<arg>${BROWSER}</arg>
<doc>Opens a new browser instance to the optional ``url``.</doc>
<msg timestamp="20230905 15:57:50.947" level="INFO">Opening browser 'chrome' to base url 'https://hatvoinhau.net/Secure/Login?returnurl=%2f'.</msg>
<status status="PASS" starttime="20230905 15:57:50.947" endtime="20230905 15:57:52.759"/>
</kw>
<kw name="Input Text" library="SeleniumLibrary">
<arg>xpath=//input[@id='mainContent_login1_LoginCtrl_UserName']</arg>
<arg>${USERNAME}</arg>
<doc>Types the given ``text`` into the text field identified by ``locator``.</doc>
<msg timestamp="20230905 15:57:52.761" level="INFO">Typing text '0942314259' into text field 'xpath=//input[@id='mainContent_login1_LoginCtrl_UserName']'.</msg>
<status status="PASS" starttime="20230905 15:57:52.760" endtime="20230905 15:57:52.818"/>
</kw>
<kw name="Input Password" library="SeleniumLibrary">
<arg>xpath=//input[@id='mainContent_login1_LoginCtrl_Password']</arg>
<arg>${PASS}</arg>
<doc>Types the given password into the text field identified by ``locator``.</doc>
<msg timestamp="20230905 15:57:52.819" level="INFO">Typing password into text field 'xpath=//input[@id='mainContent_login1_LoginCtrl_Password']'.</msg>
<msg timestamp="20230905 15:57:52.839" level="INFO">Temporally setting log level to: NONE</msg>
<msg timestamp="20230905 15:57:52.870" level="INFO">Log level changed from NONE to INFO.</msg>
<status status="PASS" starttime="20230905 15:57:52.818" endtime="20230905 15:57:52.870"/>
</kw>
<kw name="Click Button" library="SeleniumLibrary">
<arg>id=mainContent_login1_LoginCtrl_Login</arg>
<doc>Clicks the button identified by ``locator``.</doc>
<msg timestamp="20230905 15:57:52.871" level="INFO">Clicking button 'id=mainContent_login1_LoginCtrl_Login'.</msg>
<status status="PASS" starttime="20230905 15:57:52.871" endtime="20230905 15:57:54.275"/>
</kw>
<kw name="Wait Until Page Contains" library="SeleniumLibrary">
<arg>Đăng xuất</arg>
<arg>timeout=10s</arg>
<doc>Waits until ``text`` appears on the current page.</doc>
<status status="PASS" starttime="20230905 15:57:54.275" endtime="20230905 15:57:54.295"/>
</kw>
<kw name="Sleep" library="BuiltIn">
<arg>3s</arg>
<doc>Pauses the test executed for the given time.</doc>
<msg timestamp="20230905 15:57:57.300" level="INFO">Slept 3 seconds</msg>
<status status="PASS" starttime="20230905 15:57:54.296" endtime="20230905 15:57:57.300"/>
</kw>
<kw name="Close Browser" library="SeleniumLibrary">
<doc>Closes the current browser.</doc>
<status status="PASS" starttime="20230905 15:57:57.302" endtime="20230905 15:57:59.388"/>
</kw>
<status status="PASS" starttime="20230905 15:57:50.945" endtime="20230905 15:57:59.389"/>
</test>
<test id="s1-t2" name="logout" line="21">
<kw name="Log" library="BuiltIn">
<arg>this is a test case logout</arg>
<doc>Logs the given message with the given level.</doc>
<msg timestamp="20230905 15:57:59.391" level="INFO">this is a test case logout</msg>
<status status="PASS" starttime="20230905 15:57:59.390" endtime="20230905 15:57:59.391"/>
</kw>
<kw name="Open Browser" library="SeleniumLibrary">
<arg>${URL}</arg>
<arg>${BROWSER}</arg>
<doc>Opens a new browser instance to the optional ``url``.</doc>
<msg timestamp="20230905 15:57:59.392" level="INFO">Opening browser 'chrome' to base url 'https://hatvoinhau.net/Secure/Login?returnurl=%2f'.</msg>
<status status="PASS" starttime="20230905 15:57:59.392" endtime="20230905 15:58:01.258"/>
</kw>
<kw name="Input Text" library="SeleniumLibrary">
<arg>xpath=//input[@id='mainContent_login1_LoginCtrl_UserName']</arg>
<arg>${USERNAME}</arg>
<doc>Types the given ``text`` into the text field identified by ``locator``.</doc>
<msg timestamp="20230905 15:58:01.259" level="INFO">Typing text '0942314259' into text field 'xpath=//input[@id='mainContent_login1_LoginCtrl_UserName']'.</msg>
<status status="PASS" starttime="20230905 15:58:01.259" endtime="20230905 15:58:01.313"/>
</kw>
<kw name="Input Password" library="SeleniumLibrary">
<arg>xpath=//input[@id='mainContent_login1_LoginCtrl_Password']</arg>
<arg>${PASS}</arg>
<doc>Types the given password into the text field identified by ``locator``.</doc>
<msg timestamp="20230905 15:58:01.314" level="INFO">Typing password into text field 'xpath=//input[@id='mainContent_login1_LoginCtrl_Password']'.</msg>
<msg timestamp="20230905 15:58:01.335" level="INFO">Temporally setting log level to: NONE</msg>
<msg timestamp="20230905 15:58:01.364" level="INFO">Log level changed from NONE to INFO.</msg>
<status status="PASS" starttime="20230905 15:58:01.314" endtime="20230905 15:58:01.364"/>
</kw>
<kw name="Click Button" library="SeleniumLibrary">
<arg>id=mainContent_login1_LoginCtrl_Login</arg>
<doc>Clicks the button identified by ``locator``.</doc>
<msg timestamp="20230905 15:58:01.365" level="INFO">Clicking button 'id=mainContent_login1_LoginCtrl_Login'.</msg>
<status status="PASS" starttime="20230905 15:58:01.365" endtime="20230905 15:58:02.914"/>
</kw>
<kw name="Wait Until Page Contains" library="SeleniumLibrary">
<arg>Đăng xuất</arg>
<arg>timeout=10s</arg>
<doc>Waits until ``text`` appears on the current page.</doc>
<status status="PASS" starttime="20230905 15:58:02.914" endtime="20230905 15:58:02.925"/>
</kw>
<kw name="Sleep" library="BuiltIn">
<arg>3s</arg>
<doc>Pauses the test executed for the given time.</doc>
<msg timestamp="20230905 15:58:05.927" level="INFO">Slept 3 seconds</msg>
<status status="PASS" starttime="20230905 15:58:02.926" endtime="20230905 15:58:05.927"/>
</kw>
<kw name="Click Element" library="SeleniumLibrary">
<arg>class=topnavitem</arg>
<doc>Click the element identified by ``locator``.</doc>
<msg timestamp="20230905 15:58:05.931" level="INFO">Clicking element 'class=topnavitem'.</msg>
<status status="PASS" starttime="20230905 15:58:05.929" endtime="20230905 15:58:06.205"/>
</kw>
<kw name="Sleep" library="BuiltIn">
<arg>3s</arg>
<doc>Pauses the test executed for the given time.</doc>
<msg timestamp="20230905 15:58:09.206" level="INFO">Slept 3 seconds</msg>
<status status="PASS" starttime="20230905 15:58:06.205" endtime="20230905 15:58:09.206"/>
</kw>
<kw name="Close Browser" library="SeleniumLibrary">
<doc>Closes the current browser.</doc>
<status status="PASS" starttime="20230905 15:58:09.208" endtime="20230905 15:58:11.293"/>
</kw>
<status status="PASS" starttime="20230905 15:57:59.390" endtime="20230905 15:58:11.293"/>
</test>
<status status="PASS" starttime="20230905 15:57:50.789" endtime="20230905 15:58:11.296"/>
</suite>
<statistics>
<total>
<stat pass="2" fail="0" skip="0">All Tests</stat>
</total>
<tag>
</tag>
<suite>
<stat pass="2" fail="0" skip="0" id="s1" name="Openpage">Openpage</stat>
</suite>
</statistics>
<errors>
</errors>
</robot>
